<?xml version="1.0" encoding="UTF-8"?>
<testng-results ignored="4" total="5" passed="0" failed="1" skipped="0">
  <reporter-output>
  </reporter-output>
  <suite started-at="2023-05-21T16:02:48 IST" name="Default suite" finished-at="2023-05-21T16:02:48 IST" duration-ms="56">
    <groups>
    </groups>
    <test started-at="2023-05-21T16:02:48 IST" name="Default test" finished-at="2023-05-21T16:02:48 IST" duration-ms="56">
      <class name="gradle.GeometryTestTest">
        <test-method is-config="true" signature="beforeSuite()[pri:0, instance:gradle.GeometryTestTest@31368b99]" started-at="2023-05-21T16:02:48 IST" name="beforeSuite" finished-at="2023-05-21T16:02:48 IST" duration-ms="10" status="PASS">
          <reporter-output>
          </reporter-output>
        </test-method> <!-- beforeSuite -->
        <test-method is-config="true" signature="beforeTest()[pri:0, instance:gradle.GeometryTestTest@31368b99]" started-at="2023-05-21T16:02:48 IST" name="beforeTest" finished-at="2023-05-21T16:02:48 IST" duration-ms="1" status="PASS">
          <reporter-output>
          </reporter-output>
        </test-method> <!-- beforeTest -->
        <test-method is-config="true" signature="beforeClass()[pri:0, instance:gradle.GeometryTestTest@31368b99]" started-at="2023-05-21T16:02:48 IST" name="beforeClass" finished-at="2023-05-21T16:02:48 IST" duration-ms="0" status="PASS">
          <reporter-output>
          </reporter-output>
        </test-method> <!-- beforeClass -->
        <test-method is-config="true" signature="beforeMethod()[pri:0, instance:gradle.GeometryTestTest@31368b99]" started-at="2023-05-21T16:02:48 IST" name="beforeMethod" finished-at="2023-05-21T16:02:48 IST" duration-ms="1" status="PASS">
          <reporter-output>
          </reporter-output>
        </test-method> <!-- beforeMethod -->
        <test-method signature="testSurfaceAreaSphereTest()[pri:0, instance:gradle.GeometryTestTest@31368b99]" started-at="2023-05-21T16:02:48 IST" name="testSurfaceAreaSphereTest" finished-at="2023-05-21T16:02:48 IST" duration-ms="11" status="FAIL">
          <exception class="java.lang.RuntimeException">
            <message>
              <![CDATA[Test not implemented]]>
            </message>
            <full-stacktrace>
              <![CDATA[java.lang.RuntimeException: Test not implemented
at gradle.GeometryTestTest.testSurfaceAreaSphereTest(GeometryTestTest.java:71)
at java.base/jdk.internal.reflect.DirectMethodHandleAccessor.invoke(DirectMethodHandleAccessor.java:104)
at java.base/java.lang.reflect.Method.invoke(Method.java:578)
at org.testng.internal.MethodInvocationHelper.invokeMethod(MethodInvocationHelper.java:133)
at org.testng.internal.TestInvoker.invokeMethod(TestInvoker.java:598)
at org.testng.internal.TestInvoker.invokeTestMethod(TestInvoker.java:173)
at org.testng.internal.MethodRunner.runInSequence(MethodRunner.java:46)
at org.testng.internal.TestInvoker$MethodInvocationAgent.invoke(TestInvoker.java:824)
at org.testng.internal.TestInvoker.invokeTestMethods(TestInvoker.java:146)
at org.testng.internal.TestMethodWorker.invokeTestMethods(TestMethodWorker.java:146)
at org.testng.internal.TestMethodWorker.run(TestMethodWorker.java:128)
at java.base/java.util.ArrayList.forEach(ArrayList.java:1511)
at org.testng.TestRunner.privateRun(TestRunner.java:794)
at org.testng.TestRunner.run(TestRunner.java:596)
at org.testng.SuiteRunner.runTest(SuiteRunner.java:377)
at org.testng.SuiteRunner.runSequentially(SuiteRunner.java:371)
at org.testng.SuiteRunner.privateRun(SuiteRunner.java:332)
at org.testng.SuiteRunner.run(SuiteRunner.java:276)
at org.testng.SuiteRunnerWorker.runSuite(SuiteRunnerWorker.java:53)
at org.testng.SuiteRunnerWorker.run(SuiteRunnerWorker.java:96)
at org.testng.TestNG.runSuitesSequentially(TestNG.java:1212)
at org.testng.TestNG.runSuitesLocally(TestNG.java:1134)
at org.testng.TestNG.runSuites(TestNG.java:1063)
at org.testng.TestNG.run(TestNG.java:1031)
at org.testng.remote.AbstractRemoteTestNG.run(AbstractRemoteTestNG.java:115)
at org.testng.remote.RemoteTestNG.initAndRun(RemoteTestNG.java:251)
at org.testng.remote.RemoteTestNG.main(RemoteTestNG.java:77)
]]>
            </full-stacktrace>
          </exception> <!-- java.lang.RuntimeException -->
          <reporter-output>
          </reporter-output>
        </test-method> <!-- testSurfaceAreaSphereTest -->
        <test-method is-config="true" signature="afterMethod()[pri:0, instance:gradle.GeometryTestTest@31368b99]" started-at="2023-05-21T16:02:48 IST" name="afterMethod" finished-at="2023-05-21T16:02:48 IST" duration-ms="1" status="PASS">
          <reporter-output>
          </reporter-output>
        </test-method> <!-- afterMethod -->
        <test-method is-config="true" signature="afterClass()[pri:0, instance:gradle.GeometryTestTest@31368b99]" started-at="2023-05-21T16:02:48 IST" name="afterClass" finished-at="2023-05-21T16:02:48 IST" duration-ms="1" status="PASS">
          <reporter-output>
          </reporter-output>
        </test-method> <!-- afterClass -->
        <test-method is-config="true" signature="afterTest()[pri:0, instance:gradle.GeometryTestTest@31368b99]" started-at="2023-05-21T16:02:48 IST" name="afterTest" finished-at="2023-05-21T16:02:48 IST" duration-ms="1" status="PASS">
          <reporter-output>
          </reporter-output>
        </test-method> <!-- afterTest -->
        <test-method is-config="true" signature="afterSuite()[pri:0, instance:gradle.GeometryTestTest@31368b99]" started-at="2023-05-21T16:02:48 IST" name="afterSuite" finished-at="2023-05-21T16:02:48 IST" duration-ms="6" status="PASS">
          <reporter-output>
          </reporter-output>
        </test-method> <!-- afterSuite -->
      </class> <!-- gradle.GeometryTestTest -->
    </test> <!-- Default test -->
  </suite> <!-- Default suite -->
</testng-results>
